2023-01-11 20:42:09,556	[INFO]	(client.py:159)_bot_login	[botpy] 登录机器人账号中...
2023-01-11 20:42:10,032	[INFO]	(client.py:178)_bot_init	[botpy] 程序启动...
2023-01-11 20:42:10,032	[INFO]	(connection.py:59)multi_run	[botpy] 最大并发连接数: 1, 启动会话数: 1
2023-01-11 20:42:10,033	[INFO]	(client.py:236)bot_connect	[botpy] 会话启动中...
2023-01-11 20:42:10,033	[INFO]	(gateway.py:110)ws_connect	[botpy] 启动中...
2023-01-11 20:42:10,185	[INFO]	(gateway.py:136)ws_identify	[botpy] 鉴权中...
2023-01-11 20:42:10,278	[INFO]	(gateway.py:80)on_message	[botpy] 机器人「GCBot」启动成功！
2023-01-11 20:42:10,278	[INFO]	(gateway.py:217)_send_heart	[botpy] 心跳维持启动...
2023-01-11 20:42:10,279	[INFO]	(GCbotmain.py:39)on_ready	robot 「GCBot」 on_ready!
2023-01-11 21:12:10,201	[INFO]	(gateway.py:54)on_closed	[botpy] 关闭, 返回码: 4009, 返回信息: Session timed out
2023-01-11 21:12:15,220	[INFO]	(connection.py:59)multi_run	[botpy] 最大并发连接数: 1, 启动会话数: 1
2023-01-11 21:12:15,221	[INFO]	(client.py:236)bot_connect	[botpy] 会话启动中...
2023-01-11 21:12:15,221	[INFO]	(gateway.py:110)ws_connect	[botpy] 启动中...
2023-01-11 21:12:15,358	[INFO]	(gateway.py:169)ws_resume	[botpy] 重连启动...
2023-01-11 21:12:15,422	[INFO]	(gateway.py:85)on_message	[botpy] 机器人重连成功! 
2023-01-11 21:12:15,423	[INFO]	(gateway.py:217)_send_heart	[botpy] 心跳维持启动...
2023-01-11 21:31:06,506	[INFO]	(client.py:159)_bot_login	[botpy] 登录机器人账号中...
2023-01-11 21:31:07,000	[INFO]	(client.py:178)_bot_init	[botpy] 程序启动...
2023-01-11 21:31:07,000	[INFO]	(connection.py:59)multi_run	[botpy] 最大并发连接数: 1, 启动会话数: 1
2023-01-11 21:31:07,001	[INFO]	(client.py:236)bot_connect	[botpy] 会话启动中...
2023-01-11 21:31:07,002	[INFO]	(gateway.py:110)ws_connect	[botpy] 启动中...
2023-01-11 21:31:07,129	[INFO]	(gateway.py:136)ws_identify	[botpy] 鉴权中...
2023-01-11 21:31:07,214	[INFO]	(gateway.py:80)on_message	[botpy] 机器人「GCBot」启动成功！
2023-01-11 21:31:07,215	[INFO]	(gateway.py:217)_send_heart	[botpy] 心跳维持启动...
2023-01-11 21:31:07,216	[INFO]	(GCbotmain.py:39)on_ready	robot 「GCBot」 on_ready!
2023-01-11 22:01:07,144	[INFO]	(gateway.py:54)on_closed	[botpy] 关闭, 返回码: 4009, 返回信息: Session timed out
2023-01-11 22:01:12,160	[INFO]	(connection.py:59)multi_run	[botpy] 最大并发连接数: 1, 启动会话数: 1
2023-01-11 22:01:12,161	[INFO]	(client.py:236)bot_connect	[botpy] 会话启动中...
2023-01-11 22:01:12,162	[INFO]	(gateway.py:110)ws_connect	[botpy] 启动中...
2023-01-11 22:01:12,293	[INFO]	(gateway.py:169)ws_resume	[botpy] 重连启动...
2023-01-11 22:01:12,351	[INFO]	(gateway.py:85)on_message	[botpy] 机器人重连成功! 
2023-01-11 22:01:12,352	[INFO]	(gateway.py:217)_send_heart	[botpy] 心跳维持启动...
2023-01-11 22:13:53,009	[INFO]	(client.py:159)_bot_login	[botpy] 登录机器人账号中...
2023-01-11 22:13:53,576	[INFO]	(client.py:178)_bot_init	[botpy] 程序启动...
2023-01-11 22:13:53,577	[INFO]	(connection.py:59)multi_run	[botpy] 最大并发连接数: 1, 启动会话数: 1
2023-01-11 22:13:53,578	[INFO]	(client.py:236)bot_connect	[botpy] 会话启动中...
2023-01-11 22:13:53,579	[INFO]	(gateway.py:110)ws_connect	[botpy] 启动中...
2023-01-11 22:13:53,703	[INFO]	(gateway.py:136)ws_identify	[botpy] 鉴权中...
2023-01-11 22:13:53,774	[INFO]	(gateway.py:80)on_message	[botpy] 机器人「GCBot」启动成功！
2023-01-11 22:13:53,774	[INFO]	(gateway.py:217)_send_heart	[botpy] 心跳维持启动...
2023-01-11 22:13:53,775	[INFO]	(GCbotmain.py:39)on_ready	robot 「GCBot」 on_ready!
2023-01-12 15:12:35,179	[INFO]	(client.py:159)_bot_login	[botpy] 登录机器人账号中...
2023-01-12 15:12:35,617	[INFO]	(client.py:178)_bot_init	[botpy] 程序启动...
2023-01-12 15:12:35,617	[INFO]	(connection.py:59)multi_run	[botpy] 最大并发连接数: 1, 启动会话数: 1
2023-01-12 15:12:35,618	[INFO]	(client.py:236)bot_connect	[botpy] 会话启动中...
2023-01-12 15:12:35,618	[INFO]	(gateway.py:110)ws_connect	[botpy] 启动中...
2023-01-12 15:12:35,761	[INFO]	(gateway.py:136)ws_identify	[botpy] 鉴权中...
2023-01-12 15:12:35,865	[INFO]	(gateway.py:80)on_message	[botpy] 机器人「GCBot」启动成功！
2023-01-12 15:12:35,866	[INFO]	(gateway.py:217)_send_heart	[botpy] 心跳维持启动...
2023-01-12 15:12:35,867	[INFO]	(GCbotmain.py:39)on_ready	robot 「GCBot」 on_ready!
2023-01-12 23:07:46,949	[INFO]	(client.py:159)_bot_login	[botpy] 登录机器人账号中...
2023-01-12 23:07:47,403	[INFO]	(client.py:178)_bot_init	[botpy] 程序启动...
2023-01-12 23:07:47,403	[INFO]	(connection.py:59)multi_run	[botpy] 最大并发连接数: 1, 启动会话数: 1
2023-01-12 23:07:47,404	[INFO]	(client.py:236)bot_connect	[botpy] 会话启动中...
2023-01-12 23:07:47,404	[INFO]	(gateway.py:110)ws_connect	[botpy] 启动中...
2023-01-12 23:07:47,549	[INFO]	(gateway.py:136)ws_identify	[botpy] 鉴权中...
2023-01-12 23:07:47,667	[INFO]	(gateway.py:80)on_message	[botpy] 机器人「GCBot」启动成功！
2023-01-12 23:07:47,668	[INFO]	(gateway.py:217)_send_heart	[botpy] 心跳维持启动...
2023-01-12 23:07:47,668	[INFO]	(GCbotmain.py:39)on_ready	robot 「GCBot」 on_ready!
2023-01-12 23:13:20,952	[INFO]	(client.py:159)_bot_login	[botpy] 登录机器人账号中...
2023-01-12 23:13:21,449	[INFO]	(client.py:178)_bot_init	[botpy] 程序启动...
2023-01-12 23:13:21,449	[INFO]	(connection.py:59)multi_run	[botpy] 最大并发连接数: 1, 启动会话数: 1
2023-01-12 23:13:21,450	[INFO]	(client.py:236)bot_connect	[botpy] 会话启动中...
2023-01-12 23:13:21,450	[INFO]	(gateway.py:110)ws_connect	[botpy] 启动中...
2023-01-12 23:13:21,584	[INFO]	(gateway.py:136)ws_identify	[botpy] 鉴权中...
2023-01-12 23:13:21,687	[INFO]	(gateway.py:80)on_message	[botpy] 机器人「GCBot」启动成功！
2023-01-12 23:13:21,687	[INFO]	(gateway.py:217)_send_heart	[botpy] 心跳维持启动...
2023-01-12 23:13:21,688	[INFO]	(GCbotmain.py:39)on_ready	robot 「GCBot」 on_ready!
